Using pre-set license
Built from '2020.3/staging' branch; Version is '2020.3.3f1 (76626098c1c4) revision 7758432'; Using compiler version '192528614'; Build Type 'Release'
OS: 'Windows 10 Pro; OS build 19042.1052; Version 2009; 64bit' Language: 'es' Physical Memory: 32630 MB
BatchMode: 1, IsHumanControllingUs: 0, StartBugReporterOnCrash: 0, Is64bit: 1, IsPro: 0

 COMMAND LINE ARGUMENTS:
C:\Program Files\Unity\Hub\Editor\2020.3.3f1\Editor\Unity.exe
-adb2
-batchMode
-noUpm
-name
AssetImportWorker0
-projectPath
E:/Beta/Davinci/5tiCuatri/Algoritmos2/Sudoku
-logFile
Logs/AssetImportWorker0.log
-srvPort
57273
Successfully changed project path to: E:/Beta/Davinci/5tiCuatri/Algoritmos2/Sudoku
E:/Beta/Davinci/5tiCuatri/Algoritmos2/Sudoku
Using Asset Import Pipeline V2.
Refreshing native plugins compatible for Editor in 28.34 ms, found 1 plugins.
Preloading 0 native plugins for Editor in 0.00 ms.
Initialize engine version: 2020.3.3f1 (76626098c1c4)
[Subsystems] Discovering subsystems at path C:/Program Files/Unity/Hub/Editor/2020.3.3f1/Editor/Data/Resources/UnitySubsystems
[Subsystems] Discovering subsystems at path E:/Beta/Davinci/5tiCuatri/Algoritmos2/Sudoku/Assets
GfxDevice: creating device client; threaded=0
Direct3D:
    Version:  Direct3D 11.0 [level 11.1]
    Renderer: NVIDIA GeForce RTX 2060 SUPER (ID=0x1f06)
    Vendor:   
    VRAM:     8031 MB
    Driver:   27.21.14.5751
Initialize mono
Mono path[0] = 'C:/Program Files/Unity/Hub/Editor/2020.3.3f1/Editor/Data/Managed'
Mono path[1] = 'C:/Program Files/Unity/Hub/Editor/2020.3.3f1/Editor/Data/MonoBleedingEdge/lib/mono/unityjit'
Mono config path = 'C:/Program Files/Unity/Hub/Editor/2020.3.3f1/Editor/Data/MonoBleedingEdge/etc'
Using monoOptions --debugger-agent=transport=dt_socket,embedding=1,server=y,suspend=n,address=127.0.0.1:56912
Begin MonoManager ReloadAssembly
Registering precompiled unity dll's ...
Register platform support module: C:/Program Files/Unity/Hub/Editor/2020.3.3f1/Editor/Data/PlaybackEngines/WebGLSupport/UnityEditor.WebGL.Extensions.dll
Register platform support module: C:/Program Files/Unity/Hub/Editor/2020.3.3f1/Editor/Data/PlaybackEngines/WindowsStandaloneSupport/UnityEditor.WindowsStandalone.Extensions.dll
Registered in 0.001663 seconds.
Native extension for WindowsStandalone target not found
Native extension for WebGL target not found
Refreshing native plugins compatible for Editor in 28.31 ms, found 1 plugins.
Preloading 0 native plugins for Editor in 0.00 ms.
Invoked RoslynAnalysisRunner static constructor.
RoslynAnalysisRunner will not be running.
RoslynAnalysisRunner has terminated.
Mono: successfully reloaded assembly
- Completed reload, in  1.708 seconds
Platform modules already initialized, skipping
Registering precompiled user dll's ...
Registered in 0.000469 seconds.
Begin MonoManager ReloadAssembly
Native extension for WindowsStandalone target not found
Native extension for WebGL target not found
Refreshing native plugins compatible for Editor in 28.60 ms, found 1 plugins.
Preloading 0 native plugins for Editor in 0.00 ms.
Invoked RoslynAnalysisRunner static constructor.
RoslynAnalysisRunner will not be running.
RoslynAnalysisRunner has terminated.
Mono: successfully reloaded assembly
- Completed reload, in  0.766 seconds
Platform modules already initialized, skipping
========================================================================
Worker process is ready to serve import requests
Launched and connected shader compiler UnityShaderCompiler.exe after 0.03 seconds
Refreshing native plugins compatible for Editor in 0.28 ms, found 1 plugins.
Preloading 0 native plugins for Editor in 0.00 ms.
Unloading 1824 Unused Serialized files (Serialized files now loaded: 0)
System memory in use before: 87.2 MB.
System memory in use after: 87.1 MB.

Unloading 24 unused Assets to reduce memory usage. Loaded Objects now: 2268.
Total: 1.931600 ms (FindLiveObjects: 0.160100 ms CreateObjectMapping: 0.192100 ms MarkObjects: 1.471400 ms  DeleteObjects: 0.107300 ms)

========================================================================
Received Import Request.
  path: Assets/Scripts/Board.cs
  artifactKey: Guid(93231eb55d7bac84a9373a18f816406d) Importer(815301076,1909f56bfc062723c751e8b465ee728b)
Start importing Assets/Scripts/Board.cs using Guid(93231eb55d7bac84a9373a18f816406d) Importer(815301076,1909f56bfc062723c751e8b465ee728b)  -> (artifact id: 'cfdaed88fdf3c2ec5b5d2f9429683f0f') in 0.016429 seconds
  Import took 0.019051 seconds .

========================================================================
Received Import Request.
  Time since last request: 805.560904 seconds.
  path: Assets/Scripts/Board.cs
  artifactKey: Guid(93231eb55d7bac84a9373a18f816406d) Importer(815301076,1909f56bfc062723c751e8b465ee728b)
Start importing Assets/Scripts/Board.cs using Guid(93231eb55d7bac84a9373a18f816406d) Importer(815301076,1909f56bfc062723c751e8b465ee728b)  -> (artifact id: 'b214f1de85e1235bf13e6c546a8899fa') in 0.001210 seconds
  Import took 0.018017 seconds .

========================================================================
Received Import Request.
  Time since last request: 56.845182 seconds.
  path: Assets/Scripts/Board.cs
  artifactKey: Guid(93231eb55d7bac84a9373a18f816406d) Importer(815301076,1909f56bfc062723c751e8b465ee728b)
Start importing Assets/Scripts/Board.cs using Guid(93231eb55d7bac84a9373a18f816406d) Importer(815301076,1909f56bfc062723c751e8b465ee728b)  -> (artifact id: '9ab45c72b3de8e77e3b39071b634d3e1') in 0.001163 seconds
  Import took 0.003370 seconds .

========================================================================
Received Import Request.
  Time since last request: 2.109161 seconds.
  path: Assets/Scripts/Board.cs
  artifactKey: Guid(93231eb55d7bac84a9373a18f816406d) Importer(815301076,1909f56bfc062723c751e8b465ee728b)
Start importing Assets/Scripts/Board.cs using Guid(93231eb55d7bac84a9373a18f816406d) Importer(815301076,1909f56bfc062723c751e8b465ee728b)  -> (artifact id: 'efc54155204bc95478fc6d766e103980') in 0.001258 seconds
  Import took 0.003727 seconds .

========================================================================
Received Import Request.
  Time since last request: 4.087302 seconds.
  path: Assets/Scripts/Board.cs
  artifactKey: Guid(93231eb55d7bac84a9373a18f816406d) Importer(815301076,1909f56bfc062723c751e8b465ee728b)
Start importing Assets/Scripts/Board.cs using Guid(93231eb55d7bac84a9373a18f816406d) Importer(815301076,1909f56bfc062723c751e8b465ee728b)  -> (artifact id: 'a4828e1dc7dcdc74814b060f655e349d') in 0.001160 seconds
  Import took 0.003189 seconds .

========================================================================
Received Import Request.
  Time since last request: 2.758934 seconds.
  path: Assets/Scripts/Board.cs
  artifactKey: Guid(93231eb55d7bac84a9373a18f816406d) Importer(815301076,1909f56bfc062723c751e8b465ee728b)
Start importing Assets/Scripts/Board.cs using Guid(93231eb55d7bac84a9373a18f816406d) Importer(815301076,1909f56bfc062723c751e8b465ee728b)  -> (artifact id: '3cd3978337c06c881353f2c6d5800868') in 0.001130 seconds
  Import took 0.003155 seconds .

========================================================================
Received Import Request.
  Time since last request: 394.512779 seconds.
  path: Assets/Scripts/Board.cs
  artifactKey: Guid(93231eb55d7bac84a9373a18f816406d) Importer(815301076,1909f56bfc062723c751e8b465ee728b)
Start importing Assets/Scripts/Board.cs using Guid(93231eb55d7bac84a9373a18f816406d) Importer(815301076,1909f56bfc062723c751e8b465ee728b)  -> (artifact id: '28a6251bbcc9113936a785df2e56bbbb') in 0.001221 seconds
  Import took 0.003777 seconds .

========================================================================
Received Import Request.
  Time since last request: 16.816227 seconds.
  path: Assets/Scripts/Board.cs
  artifactKey: Guid(93231eb55d7bac84a9373a18f816406d) Importer(815301076,1909f56bfc062723c751e8b465ee728b)
Start importing Assets/Scripts/Board.cs using Guid(93231eb55d7bac84a9373a18f816406d) Importer(815301076,1909f56bfc062723c751e8b465ee728b)  -> (artifact id: '67bd87717585ea8ee57396f58b4914a3') in 0.001217 seconds
  Import took 0.003396 seconds .

========================================================================
Received Import Request.
  Time since last request: 31.766541 seconds.
  path: Assets/Scripts/Board.cs
  artifactKey: Guid(93231eb55d7bac84a9373a18f816406d) Importer(815301076,1909f56bfc062723c751e8b465ee728b)
Start importing Assets/Scripts/Board.cs using Guid(93231eb55d7bac84a9373a18f816406d) Importer(815301076,1909f56bfc062723c751e8b465ee728b)  -> (artifact id: 'faeb30cc4d85369dc4a8637651d95d84') in 0.001109 seconds
  Import took 0.003108 seconds .

========================================================================
Received Import Request.
  Time since last request: 7.265200 seconds.
  path: Assets/Scripts/Board.cs
  artifactKey: Guid(93231eb55d7bac84a9373a18f816406d) Importer(815301076,1909f56bfc062723c751e8b465ee728b)
Start importing Assets/Scripts/Board.cs using Guid(93231eb55d7bac84a9373a18f816406d) Importer(815301076,1909f56bfc062723c751e8b465ee728b)  -> (artifact id: '57d7645dd437414f46179f6915cb2e6e') in 0.001144 seconds
  Import took 0.003169 seconds .

========================================================================
Received Import Request.
  Time since last request: 7.658967 seconds.
  path: Assets/Scripts/Board.cs
  artifactKey: Guid(93231eb55d7bac84a9373a18f816406d) Importer(815301076,1909f56bfc062723c751e8b465ee728b)
Start importing Assets/Scripts/Board.cs using Guid(93231eb55d7bac84a9373a18f816406d) Importer(815301076,1909f56bfc062723c751e8b465ee728b)  -> (artifact id: '2f74e97fa211dfbd8ff3502f205078ee') in 0.001218 seconds
  Import took 0.003236 seconds .

========================================================================
Received Import Request.
  Time since last request: 17.689012 seconds.
  path: Assets/Scripts/Board.cs
  artifactKey: Guid(93231eb55d7bac84a9373a18f816406d) Importer(815301076,1909f56bfc062723c751e8b465ee728b)
Start importing Assets/Scripts/Board.cs using Guid(93231eb55d7bac84a9373a18f816406d) Importer(815301076,1909f56bfc062723c751e8b465ee728b)  -> (artifact id: '7f0daaa9fe31b53b9f3d2d5afd316c65') in 0.001080 seconds
  Import took 0.003065 seconds .

========================================================================
Received Import Request.
  Time since last request: 10.953170 seconds.
  path: Assets/Scripts/Board.cs
  artifactKey: Guid(93231eb55d7bac84a9373a18f816406d) Importer(815301076,1909f56bfc062723c751e8b465ee728b)
Start importing Assets/Scripts/Board.cs using Guid(93231eb55d7bac84a9373a18f816406d) Importer(815301076,1909f56bfc062723c751e8b465ee728b)  -> (artifact id: 'b66c4816d8528aea22348e9e1bf094cf') in 0.001072 seconds
  Import took 0.003018 seconds .

========================================================================
Received Import Request.
  Time since last request: 3.958724 seconds.
  path: Assets/Scripts/Board.cs
  artifactKey: Guid(93231eb55d7bac84a9373a18f816406d) Importer(815301076,1909f56bfc062723c751e8b465ee728b)
Start importing Assets/Scripts/Board.cs using Guid(93231eb55d7bac84a9373a18f816406d) Importer(815301076,1909f56bfc062723c751e8b465ee728b)  -> (artifact id: 'ad397ebe185b400193c15477fa7094a0') in 0.001147 seconds
  Import took 0.003413 seconds .

========================================================================
Received Import Request.
  Time since last request: 51.061252 seconds.
  path: Assets/Scripts/Board.cs
  artifactKey: Guid(93231eb55d7bac84a9373a18f816406d) Importer(815301076,1909f56bfc062723c751e8b465ee728b)
Start importing Assets/Scripts/Board.cs using Guid(93231eb55d7bac84a9373a18f816406d) Importer(815301076,1909f56bfc062723c751e8b465ee728b)  -> (artifact id: 'e0bcf60618bb5df73907c458243dbd0f') in 0.001155 seconds
  Import took 0.003336 seconds .

========================================================================
Received Prepare
Registering precompiled user dll's ...
Registered in 0.000703 seconds.
Begin MonoManager ReloadAssembly
Native extension for WindowsStandalone target not found
Native extension for WebGL target not found
Refreshing native plugins compatible for Editor in 0.27 ms, found 1 plugins.
Preloading 0 native plugins for Editor in 0.00 ms.
Invoked RoslynAnalysisRunner static constructor.
RoslynAnalysisRunner will not be running.
RoslynAnalysisRunner has terminated.
Mono: successfully reloaded assembly
- Completed reload, in  0.711 seconds
Platform modules already initialized, skipping
Refreshing native plugins compatible for Editor in 0.34 ms, found 1 plugins.
Preloading 0 native plugins for Editor in 0.00 ms.
Unloading 1806 Unused Serialized files (Serialized files now loaded: 0)
System memory in use before: 85.9 MB.
System memory in use after: 85.9 MB.

Unloading 12 unused Assets to reduce memory usage. Loaded Objects now: 2272.
Total: 2.004000 ms (FindLiveObjects: 0.197100 ms CreateObjectMapping: 0.071600 ms MarkObjects: 1.636600 ms  DeleteObjects: 0.097300 ms)

========================================================================
Received Prepare
Registering precompiled user dll's ...
Registered in 0.000499 seconds.
Begin MonoManager ReloadAssembly
Native extension for WindowsStandalone target not found
Native extension for WebGL target not found
Refreshing native plugins compatible for Editor in 0.27 ms, found 1 plugins.
Preloading 0 native plugins for Editor in 0.00 ms.
Invoked RoslynAnalysisRunner static constructor.
RoslynAnalysisRunner will not be running.
RoslynAnalysisRunner has terminated.
Mono: successfully reloaded assembly
- Completed reload, in  0.706 seconds
Platform modules already initialized, skipping
Refreshing native plugins compatible for Editor in 0.27 ms, found 1 plugins.
Preloading 0 native plugins for Editor in 0.00 ms.
Unloading 1806 Unused Serialized files (Serialized files now loaded: 0)
System memory in use before: 85.9 MB.
System memory in use after: 85.9 MB.

Unloading 12 unused Assets to reduce memory usage. Loaded Objects now: 2276.
Total: 2.109000 ms (FindLiveObjects: 0.187100 ms CreateObjectMapping: 0.072200 ms MarkObjects: 1.759800 ms  DeleteObjects: 0.088600 ms)

========================================================================
Received Import Request.
  Time since last request: 185.012735 seconds.
  path: Assets/Scripts/Board.cs
  artifactKey: Guid(93231eb55d7bac84a9373a18f816406d) Importer(815301076,1909f56bfc062723c751e8b465ee728b)
Start importing Assets/Scripts/Board.cs using Guid(93231eb55d7bac84a9373a18f816406d) Importer(815301076,1909f56bfc062723c751e8b465ee728b)  -> (artifact id: '0cc238787eff57676a408abd08cc7c68') in 0.005286 seconds
  Import took 0.007435 seconds .

========================================================================
Received Prepare
Registering precompiled user dll's ...
Registered in 0.000501 seconds.
Begin MonoManager ReloadAssembly
Native extension for WindowsStandalone target not found
Native extension for WebGL target not found
Refreshing native plugins compatible for Editor in 0.27 ms, found 1 plugins.
Preloading 0 native plugins for Editor in 0.00 ms.
Invoked RoslynAnalysisRunner static constructor.
RoslynAnalysisRunner will not be running.
RoslynAnalysisRunner has terminated.
Mono: successfully reloaded assembly
- Completed reload, in  0.684 seconds
Platform modules already initialized, skipping
Refreshing native plugins compatible for Editor in 0.27 ms, found 1 plugins.
Preloading 0 native plugins for Editor in 0.00 ms.
Unloading 1806 Unused Serialized files (Serialized files now loaded: 0)
System memory in use before: 85.9 MB.
System memory in use after: 85.9 MB.

Unloading 12 unused Assets to reduce memory usage. Loaded Objects now: 2280.
Total: 1.802700 ms (FindLiveObjects: 0.214900 ms CreateObjectMapping: 0.077000 ms MarkObjects: 1.428200 ms  DeleteObjects: 0.081800 ms)

========================================================================
Received Prepare
Registering precompiled user dll's ...
Registered in 0.000453 seconds.
Begin MonoManager ReloadAssembly
Native extension for WindowsStandalone target not found
Native extension for WebGL target not found
Refreshing native plugins compatible for Editor in 0.27 ms, found 1 plugins.
Preloading 0 native plugins for Editor in 0.00 ms.
Invoked RoslynAnalysisRunner static constructor.
RoslynAnalysisRunner will not be running.
RoslynAnalysisRunner has terminated.
Mono: successfully reloaded assembly
- Completed reload, in  0.672 seconds
Platform modules already initialized, skipping
Refreshing native plugins compatible for Editor in 0.26 ms, found 1 plugins.
Preloading 0 native plugins for Editor in 0.00 ms.
Unloading 1806 Unused Serialized files (Serialized files now loaded: 0)
System memory in use before: 86.0 MB.
System memory in use after: 85.9 MB.

Unloading 12 unused Assets to reduce memory usage. Loaded Objects now: 2284.
Total: 1.729700 ms (FindLiveObjects: 0.174900 ms CreateObjectMapping: 0.057600 ms MarkObjects: 1.414700 ms  DeleteObjects: 0.081600 ms)

AssetImportWorkerClient::OnTransportError - code=2 error=End of file
